2019-02-11 23:12:33,964 - INFO  - 4
2019-02-11 23:12:33,965 - INFO  - ['程序员', '扫地']
2019-02-11 23:12:33,965 - INFO  - [8000, 4000]
2019-02-11 23:12:33,965 - INFO  - [[1, '2019-1', '小A', '住在回龙观', '程序员', 8000, '工资结算4周', 8000], [1, '2019-1', '小A', '住在回龙观', '扫地', 4000, '工资结算4周', 12000]]
2019-02-11 23:13:48,822 - INFO  - 4
2019-02-11 23:13:48,822 - INFO  - ['程序员', '扫地']
2019-02-11 23:13:48,822 - INFO  - [8000, 4000]
2019-02-11 23:13:48,822 - INFO  - [[1, '2019-1', '小A', '住在回龙观', '程序员', 8000, '工资结算4周', 8000], [1, '2019-1', '小A', '住在回龙观', '扫地', 4000, '工资结算4周', 12000]]
2019-02-11 23:13:48,822 - INFO  - 4
2019-02-11 23:13:48,822 - INFO  - ['程序员']
2019-02-11 23:13:48,822 - INFO  - [8000]
2019-02-11 23:13:48,822 - INFO  - [[1, '2019-1', '小B', '居住在天通苑', '程序员', 8000, '工资结算4周', 8000]]
2019-02-11 23:13:48,823 - INFO  - 4
2019-02-11 23:13:48,823 - INFO  - ['程序员']
2019-02-11 23:13:48,823 - INFO  - [8000]
2019-02-11 23:13:48,823 - INFO  - [[1, '2019-1', '小c', '居住在西二旗', '程序员', 8000, '工资结算4周', 8000]]
2019-02-11 23:13:48,823 - INFO  - 4
2019-02-11 23:13:48,823 - INFO  - ['程序员']
2019-02-11 23:13:48,823 - INFO  - [8000]
2019-02-11 23:13:48,824 - INFO  - [[1, '2019-1', '小D', '居住在天通苑', '程序员', 8000, '工资结算4周', 8000]]
2019-02-11 23:14:09,274 - INFO  - 4
2019-02-11 23:14:09,274 - INFO  - ['程序员', '扫地']
2019-02-11 23:14:09,274 - INFO  - [8000, 4000]
2019-02-11 23:14:09,274 - INFO  - [[1, '2019-1', '小A', '住在回龙观', '程序员', 8000, '工资结算4周', 8000], [1, '2019-1', '小A', '住在回龙观', '扫地', 4000, '工资结算4周', 12000]]
2019-02-11 23:16:38,525 - INFO  - 4
2019-02-11 23:16:38,526 - INFO  - ['程序员', '扫地']
2019-02-11 23:16:38,526 - INFO  - [8000, 4000]
2019-02-11 23:16:38,526 - INFO  - [[1, '2019-1', '小A', '住在回龙观', '程序员', 8000, '工资结算4周', 8000], [1, '2019-1', '小A', '住在回龙观', '扫地', 4000, '工资结算4周', 12000]]
2019-02-13 22:45:58,980 - INFO  - 4
2019-02-13 22:45:58,980 - INFO  - ['程序员', '扫地']
2019-02-13 22:45:58,980 - INFO  - [8000, 4000]
2019-02-13 22:45:58,980 - INFO  - [[1, '2019-1', '小A', '住在回龙观', '程序员', 8000, '工资结算4周', 8000], [1, '2019-1', '小A', '住在回龙观', '扫地', 4000, '工资结算4周', 12000]]
2019-02-13 22:55:02,208 - INFO  - 4
2019-02-13 22:55:02,208 - INFO  - ['程序员', '扫地']
2019-02-13 22:55:02,208 - INFO  - [8000, 4000]
2019-02-13 22:55:02,209 - INFO  - [[1, '2019-1', '小A', '住在回龙观', '程序员', 8000, '工资结算4周', 8000], [1, '2019-1', '小A', '住在回龙观', '扫地', 4000, '工资结算4周', 12000]]
2019-02-13 22:56:34,437 - INFO  - 4
2019-02-13 22:56:42,742 - INFO  - ['程序员']
2019-02-13 22:56:43,249 - INFO  - [8000]
2019-02-13 22:56:53,490 - INFO  - [[1, '2019-1', '小B', '居住在天通苑', '程序员', 8000, '工资结算4周', 8000]]
2019-02-13 22:57:02,634 - INFO  - 4
2019-02-13 22:57:02,634 - INFO  - ['程序员']
2019-02-13 22:57:02,634 - INFO  - [8000]
2019-02-13 22:57:02,634 - INFO  - [[1, '2019-1', '小c', '居住在西二旗', '程序员', 8000, '工资结算4周', 8000]]
2019-02-13 22:57:04,431 - INFO  - 4
2019-02-13 22:57:04,432 - INFO  - ['程序员']
2019-02-13 22:57:04,432 - INFO  - [8000]
2019-02-13 22:57:04,432 - INFO  - [[1, '2019-1', '小D', '居住在天通苑', '程序员', 8000, '工资结算4周', 8000]]
2019-02-13 23:01:34,114 - INFO  - 4
2019-02-13 23:01:34,114 - INFO  - ['程序员', '扫地']
2019-02-13 23:01:34,114 - INFO  - [8000, 4000]
2019-02-13 23:01:34,114 - INFO  - [[1, '2019-1', '小A', '住在回龙观', '程序员', 8000, '工资结算4周', 8000], [1, '2019-1', '小A', '住在回龙观', '扫地', 4000, '工资结算4周', 12000]]
2019-02-13 23:04:49,302 - INFO  - 4
2019-02-13 23:04:49,302 - INFO  - ['程序员', '扫地']
2019-02-13 23:04:49,302 - INFO  - [8000, 4000]
2019-02-13 23:04:49,302 - INFO  - [[1, '2019-1', '小A', '住在回龙观', '程序员', 8000, '工资结算4周', 8000], [1, '2019-1', '小A', '住在回龙观', '扫地', 4000, '工资结算4周', 12000]]
2019-02-13 23:04:49,302 - INFO  - 4
2019-02-13 23:04:49,302 - INFO  - ['程序员']
2019-02-13 23:04:49,303 - INFO  - [8000]
2019-02-13 23:04:49,303 - INFO  - [[1, '2019-1', '小B', '居住在天通苑', '程序员', 8000, '工资结算4周', 8000]]
2019-02-13 23:04:49,303 - INFO  - 4
2019-02-13 23:04:49,303 - INFO  - ['程序员']
2019-02-13 23:04:49,303 - INFO  - [8000]
2019-02-13 23:04:49,303 - INFO  - [[1, '2019-1', '小c', '居住在西二旗', '程序员', 8000, '工资结算4周', 8000]]
2019-02-13 23:04:49,303 - INFO  - 4
2019-02-13 23:04:49,303 - INFO  - ['程序员']
2019-02-13 23:04:49,303 - INFO  - [8000]
2019-02-13 23:04:49,303 - INFO  - [[1, '2019-1', '小D', '居住在天通苑', '程序员', 8000, '工资结算4周', 8000]]
2019-02-13 23:05:12,366 - INFO  - 4
2019-02-13 23:05:12,366 - INFO  - ['程序员', '扫地']
2019-02-13 23:05:12,366 - INFO  - [8000, 4000]
2019-02-13 23:05:12,366 - INFO  - [[1, '2019-1', '小A', '住在回龙观', '程序员', 8000, '工资结算4周', 8000], [1, '2019-1', '小A', '住在回龙观', '扫地', 4000, '工资结算4周', 12000]]
2019-02-13 23:05:12,367 - INFO  - 4
2019-02-13 23:05:12,367 - INFO  - ['程序员']
2019-02-13 23:05:12,367 - INFO  - [8000]
2019-02-13 23:05:12,367 - INFO  - [[1, '2019-1', '小B', '居住在天通苑', '程序员', 8000, '工资结算4周', 8000]]
2019-02-13 23:05:12,367 - INFO  - 4
2019-02-13 23:05:12,367 - INFO  - ['程序员']
2019-02-13 23:05:12,367 - INFO  - [8000]
2019-02-13 23:05:12,367 - INFO  - [[1, '2019-1', '小c', '居住在西二旗', '程序员', 8000, '工资结算4周', 8000]]
2019-02-13 23:05:12,367 - INFO  - 4
2019-02-13 23:05:12,367 - INFO  - ['程序员']
2019-02-13 23:05:12,367 - INFO  - [8000]
2019-02-13 23:05:12,367 - INFO  - [[1, '2019-1', '小D', '居住在天通苑', '程序员', 8000, '工资结算4周', 8000]]
2019-02-13 23:06:03,516 - INFO  - 4
2019-02-13 23:06:03,517 - INFO  - ['程序员', '扫地']
2019-02-13 23:06:03,517 - INFO  - [8000, 4000]
2019-02-13 23:06:03,517 - INFO  - [[1, '2019-1', '小A', '住在回龙观', '程序员', 8000, '工资结算4周', 8000], [1, '2019-1', '小A', '住在回龙观', '扫地', 4000, '工资结算4周', 12000]]
2019-02-13 23:06:03,517 - INFO  - 4
2019-02-13 23:06:03,517 - INFO  - ['程序员']
2019-02-13 23:06:03,517 - INFO  - [8000]
2019-02-13 23:06:03,517 - INFO  - [[1, '2019-1', '小B', '居住在天通苑', '程序员', 8000, '工资结算4周', 8000]]
2019-02-13 23:06:03,517 - INFO  - 4
2019-02-13 23:06:03,517 - INFO  - ['程序员']
2019-02-13 23:06:03,517 - INFO  - [8000]
2019-02-13 23:06:03,517 - INFO  - [[1, '2019-1', '小c', '居住在西二旗', '程序员', 8000, '工资结算4周', 8000]]
2019-02-13 23:06:03,517 - INFO  - 4
2019-02-13 23:06:03,518 - INFO  - ['程序员']
2019-02-13 23:06:03,518 - INFO  - [8000]
2019-02-13 23:06:03,518 - INFO  - [[1, '2019-1', '小D', '居住在天通苑', '程序员', 8000, '工资结算4周', 8000]]
2019-02-13 23:07:02,875 - INFO  - 4
2019-02-13 23:07:02,875 - INFO  - ['程序员', '扫地']
2019-02-13 23:07:02,875 - INFO  - [8000, 4000]
2019-02-13 23:07:02,875 - INFO  - [[1, '2019-1', '小A', '住在回龙观', '程序员', 8000, '工资结算4周', 8000], [1, '2019-1', '小A', '住在回龙观', '扫地', 4000, '工资结算4周', 12000]]
2019-02-13 23:07:02,876 - INFO  - 4
2019-02-13 23:07:02,876 - INFO  - ['程序员']
2019-02-13 23:07:02,876 - INFO  - [8000]
2019-02-13 23:07:02,876 - INFO  - [[1, '2019-1', '小B', '居住在天通苑', '程序员', 8000, '工资结算4周', 8000]]
2019-02-13 23:07:02,876 - INFO  - 4
2019-02-13 23:07:02,876 - INFO  - ['程序员']
2019-02-13 23:07:02,876 - INFO  - [8000]
2019-02-13 23:07:02,876 - INFO  - [[1, '2019-1', '小c', '居住在西二旗', '程序员', 8000, '工资结算4周', 8000]]
2019-02-13 23:07:02,876 - INFO  - 4
2019-02-13 23:07:02,876 - INFO  - ['程序员']
2019-02-13 23:07:02,876 - INFO  - [8000]
2019-02-13 23:07:02,877 - INFO  - [[1, '2019-1', '小D', '居住在天通苑', '程序员', 8000, '工资结算4周', 8000]]
2019-02-13 23:12:41,720 - INFO  - 4
2019-02-13 23:12:41,720 - INFO  - ['程序员', '扫地']
2019-02-13 23:12:41,720 - INFO  - [8000, 4000]
2019-02-13 23:12:41,720 - INFO  - [[1, '2019-1', '小A', '住在回龙观', '程序员', 8000, '工资结算4周', 8000], [1, '2019-1', '小A', '住在回龙观', '扫地', 4000, '工资结算4周', 12000]]
2019-02-13 23:12:41,720 - INFO  - 4
2019-02-13 23:12:41,721 - INFO  - ['程序员']
2019-02-13 23:12:41,721 - INFO  - [8000]
2019-02-13 23:12:41,721 - INFO  - [[1, '2019-1', '小B', '居住在天通苑', '程序员', 8000, '工资结算4周', 8000]]
2019-02-13 23:12:41,721 - INFO  - 4
2019-02-13 23:12:41,721 - INFO  - ['程序员']
2019-02-13 23:12:41,721 - INFO  - [8000]
2019-02-13 23:12:41,721 - INFO  - [[1, '2019-1', '小c', '居住在西二旗', '程序员', 8000, '工资结算4周', 8000]]
2019-02-13 23:12:41,721 - INFO  - 4
2019-02-13 23:12:41,721 - INFO  - ['程序员']
2019-02-13 23:12:41,721 - INFO  - [8000]
2019-02-13 23:12:41,721 - INFO  - [[1, '2019-1', '小D', '居住在天通苑', '程序员', 8000, '工资结算4周', 8000]]
